<?xml version="1.0" encoding="UTF-8"?>
<coverage generated="1576188256271" clover="3.2.0">
  <project timestamp="1576188256271" name="All files">
    <metrics statements="9" coveredstatements="8" conditionals="0" coveredconditionals="0" methods="4" coveredmethods="3" elements="13" coveredelements="11" complexity="0" loc="9" ncloc="9" packages="1" files="1" classes="1"/>
    <file name="Event.js" path="/Users/Tess/alchemy/career-track/week-02/recipes-complete-lab/lib/models/Event.js">
      <metrics statements="9" coveredstatements="8" conditionals="0" coveredconditionals="0" methods="4" coveredmethods="3"/>
      <line num="1" count="3" type="stmt"/>
      <line num="3" count="3" type="stmt"/>
      <line num="22" count="3" type="stmt"/>
      <line num="24" count="2" type="stmt"/>
      <line num="27" count="1" type="stmt"/>
      <line num="30" count="3" type="stmt"/>
      <line num="32" count="1" type="stmt"/>
      <line num="35" count="0" type="stmt"/>
      <line num="44" count="3" type="stmt"/>
    </file>
  </project>
</coverage>
