{"/Users/Tess/alchemy/career-track/week-02/recipes-complete-lab/lib/models/Event.js": {"path":"/Users/Tess/alchemy/career-track/week-02/recipes-complete-lab/lib/models/Event.js","statementMap":{"0":{"start":{"line":1,"column":17},"end":{"line":1,"column":36}},"1":{"start":{"line":3,"column":15},"end":{"line":20,"column":2}},"2":{"start":{"line":22,"column":0},"end":{"line":28,"column":5}},"3":{"start":{"line":24,"column":4},"end":{"line":24,"column":42}},"4":{"start":{"line":27,"column":4},"end":{"line":27,"column":44}},"5":{"start":{"line":43,"column":0},"end":{"line":43,"column":49}}},"fnMap":{"0":{"name":"(anonymous_0)","decl":{"start":{"line":23,"column":7},"end":{"line":23,"column":8}},"loc":{"start":{"line":23,"column":18},"end":{"line":25,"column":3}},"line":23},"1":{"name":"(anonymous_1)","decl":{"start":{"line":26,"column":7},"end":{"line":26,"column":8}},"loc":{"start":{"line":26,"column":27},"end":{"line":28,"column":3}},"line":26}},"branchMap":{},"s":{"0":3,"1":3,"2":3,"3":1,"4":0,"5":3},"f":{"0":1,"1":0},"b":{},"_coverageSchema":"43e27e138ebf9cfc5966b082cf9a028302ed4184","hash":"310afbd1aa8d65c9530221e83ba270a83da9fada"}
}
