{"/Users/Tess/alchemy/career-track/week-02/recipes-complete-lab/lib/models/Event.js": {"path":"/Users/Tess/alchemy/career-track/week-02/recipes-complete-lab/lib/models/Event.js","statementMap":{"0":{"start":{"line":1,"column":17},"end":{"line":1,"column":36}},"1":{"start":{"line":3,"column":15},"end":{"line":20,"column":2}},"2":{"start":{"line":22,"column":0},"end":{"line":28,"column":5}},"3":{"start":{"line":24,"column":4},"end":{"line":24,"column":42}},"4":{"start":{"line":27,"column":4},"end":{"line":27,"column":44}},"5":{"start":{"line":30,"column":0},"end":{"line":36,"column":5}},"6":{"start":{"line":32,"column":4},"end":{"line":32,"column":39}},"7":{"start":{"line":35,"column":4},"end":{"line":35,"column":42}},"8":{"start":{"line":44,"column":0},"end":{"line":44,"column":49}}},"fnMap":{"0":{"name":"(anonymous_0)","decl":{"start":{"line":23,"column":7},"end":{"line":23,"column":8}},"loc":{"start":{"line":23,"column":18},"end":{"line":25,"column":3}},"line":23},"1":{"name":"(anonymous_1)","decl":{"start":{"line":26,"column":7},"end":{"line":26,"column":8}},"loc":{"start":{"line":26,"column":27},"end":{"line":28,"column":3}},"line":26},"2":{"name":"(anonymous_2)","decl":{"start":{"line":31,"column":7},"end":{"line":31,"column":8}},"loc":{"start":{"line":31,"column":18},"end":{"line":33,"column":3}},"line":31},"3":{"name":"(anonymous_3)","decl":{"start":{"line":34,"column":7},"end":{"line":34,"column":8}},"loc":{"start":{"line":34,"column":28},"end":{"line":36,"column":3}},"line":34}},"branchMap":{},"s":{"0":3,"1":3,"2":3,"3":2,"4":1,"5":3,"6":1,"7":0,"8":3},"f":{"0":2,"1":1,"2":1,"3":0},"b":{},"_coverageSchema":"43e27e138ebf9cfc5966b082cf9a028302ed4184","hash":"9f03c3210a7d50c5c34994fb6cb807d9ba14b433"}
}
