TN:
SF:/Users/Tess/alchemy/career-track/week-02/express-mongoose-relationships-lab/lib/routes/events.js
FN:5,(anonymous_0)
FN:8,(anonymous_1)
FN:11,(anonymous_2)
FN:15,(anonymous_3)
FN:18,(anonymous_4)
FN:22,(anonymous_5)
FN:25,(anonymous_6)
FN:28,(anonymous_7)
FN:31,(anonymous_8)
FN:34,(anonymous_9)
FNF:10
FNH:10
FNDA:1,(anonymous_0)
FNDA:1,(anonymous_1)
FNDA:1,(anonymous_2)
FNDA:1,(anonymous_3)
FNDA:1,(anonymous_4)
FNDA:1,(anonymous_5)
FNDA:1,(anonymous_6)
FNDA:1,(anonymous_7)
FNDA:1,(anonymous_8)
FNDA:1,(anonymous_9)
DA:1,2
DA:2,2
DA:4,2
DA:6,1
DA:8,1
DA:12,1
DA:15,1
DA:19,1
DA:22,1
DA:26,1
DA:28,1
DA:32,1
DA:34,1
LF:13
LH:13
BRF:0
BRH:0
end_of_record
